<?xml version="1.0" encoding="UTF-8"?>
<robot generator="Robot 6.1.1 (Python 3.10.11 on win32)" generated="20251201 13:15:30.592" rpa="false" schemaversion="4">
<suite id="s1" name="Tests" source="C:\kurssit\ohjelmistotuotanto\miniprojekti_ryhma1\src\tests">
<suite id="s1-s1" name="Listaa Viitteet" source="C:\kurssit\ohjelmistotuotanto\miniprojekti_ryhma1\src\tests\listaa_viitteet.robot">
<kw name="Testausympäristö Asetettu" library="resource" type="SETUP">
<kw name="Luo Testi Io" library="RobotLibrary">
<status status="PASS" starttime="20251201 13:15:31.436" endtime="20251201 13:15:31.438"/>
</kw>
<kw name="Aseta Testi Tiedosto" library="RobotLibrary">
<arg>${TEST_BIB_FILE}</arg>
<status status="PASS" starttime="20251201 13:15:31.439" endtime="20251201 13:15:31.441"/>
</kw>
<status status="PASS" starttime="20251201 13:15:31.434" endtime="20251201 13:15:31.442"/>
</kw>
<test id="s1-s1-t1" name="As A User I Want To See One Reference" line="7">
<kw name="Aseta Testi Tiedosto" library="RobotLibrary">
<arg>${TEST_BIB_FILE}</arg>
<status status="PASS" starttime="20251201 13:15:31.445" endtime="20251201 13:15:31.446"/>
</kw>
<kw name="Given Käyttäjä Lisää Viitteen" library="resource">
<arg>kirja</arg>
<arg>testi123</arg>
<arg>author=Kirjailija</arg>
<arg>title=Testi</arg>
<arg>year=2025</arg>
<kw name="Lisaa Viite Bib Tiedostoon" library="RobotLibrary">
<arg>${tyyppi}</arg>
<arg>${viiteavain}</arg>
<arg>&amp;{kentät}</arg>
<status status="PASS" starttime="20251201 13:15:31.449" endtime="20251201 13:15:32.698"/>
</kw>
<status status="PASS" starttime="20251201 13:15:31.449" endtime="20251201 13:15:32.698"/>
</kw>
<kw name="When Käyttäjä Listaa Viitteet" library="resource">
<kw name="Call Listaa Viitteet" library="RobotLibrary">
<status status="PASS" starttime="20251201 13:15:32.708" endtime="20251201 13:15:32.710"/>
</kw>
<status status="PASS" starttime="20251201 13:15:32.706" endtime="20251201 13:15:32.710"/>
</kw>
<kw name="Then Käyttäjä Näkee Tulostuksessa" library="resource">
<arg>lähdeviitteet:</arg>
<kw name="Tuloste Pitaisi Olla" library="RobotLibrary">
<arg>${teksti}</arg>
<status status="PASS" starttime="20251201 13:15:32.714" endtime="20251201 13:15:32.714"/>
</kw>
<status status="PASS" starttime="20251201 13:15:32.712" endtime="20251201 13:15:32.716"/>
</kw>
<kw name="And Käyttäjä Näkee Tulostuksessa" library="resource">
<arg>kirja</arg>
<kw name="Tuloste Pitaisi Olla" library="RobotLibrary">
<arg>${teksti}</arg>
<status status="PASS" starttime="20251201 13:15:32.716" endtime="20251201 13:15:32.718"/>
</kw>
<status status="PASS" starttime="20251201 13:15:32.716" endtime="20251201 13:15:32.718"/>
</kw>
<status status="PASS" starttime="20251201 13:15:31.442" endtime="20251201 13:15:32.718"/>
</test>
<test id="s1-s1-t2" name="As A User I Want To See All My References" line="18">
<kw name="Aseta Testi Tiedosto" library="RobotLibrary">
<arg>${TEST_BIB_FILE}</arg>
<status status="PASS" starttime="20251201 13:15:32.721" endtime="20251201 13:15:32.721"/>
</kw>
<kw name="Given Käyttäjä Lisää Viitteen" library="resource">
<arg>kirja</arg>
<arg>testi123</arg>
<arg>author=Kirjailija</arg>
<arg>title=Testi</arg>
<arg>year=2025</arg>
<kw name="Lisaa Viite Bib Tiedostoon" library="RobotLibrary">
<arg>${tyyppi}</arg>
<arg>${viiteavain}</arg>
<arg>&amp;{kentät}</arg>
<status status="PASS" starttime="20251201 13:15:32.732" endtime="20251201 13:15:32.743"/>
</kw>
<status status="PASS" starttime="20251201 13:15:32.721" endtime="20251201 13:15:32.743"/>
</kw>
<kw name="Given Käyttäjä Lisää Viitteen" library="resource">
<arg>kirja2</arg>
<arg>testi1234</arg>
<arg>author=Kirjailija2</arg>
<arg>title=Testi2</arg>
<arg>year=2026</arg>
<kw name="Lisaa Viite Bib Tiedostoon" library="RobotLibrary">
<arg>${tyyppi}</arg>
<arg>${viiteavain}</arg>
<arg>&amp;{kentät}</arg>
<status status="PASS" starttime="20251201 13:15:32.749" endtime="20251201 13:15:32.760"/>
</kw>
<status status="PASS" starttime="20251201 13:15:32.745" endtime="20251201 13:15:32.760"/>
</kw>
<kw name="When Käyttäjä Listaa Viitteet" library="resource">
<kw name="Call Listaa Viitteet" library="RobotLibrary">
<status status="PASS" starttime="20251201 13:15:32.760" endtime="20251201 13:15:32.767"/>
</kw>
<status status="PASS" starttime="20251201 13:15:32.760" endtime="20251201 13:15:32.767"/>
</kw>
<kw name="Then Käyttäjä Näkee Tulostuksessa" library="resource">
<arg>lähdeviitteet:</arg>
<kw name="Tuloste Pitaisi Olla" library="RobotLibrary">
<arg>${teksti}</arg>
<status status="PASS" starttime="20251201 13:15:32.772" endtime="20251201 13:15:32.774"/>
</kw>
<status status="PASS" starttime="20251201 13:15:32.770" endtime="20251201 13:15:32.774"/>
</kw>
<kw name="And Käyttäjä Näkee Tulostuksessa" library="resource">
<arg>kirja2</arg>
<kw name="Tuloste Pitaisi Olla" library="RobotLibrary">
<arg>${teksti}</arg>
<status status="PASS" starttime="20251201 13:15:32.776" endtime="20251201 13:15:32.778"/>
</kw>
<status status="PASS" starttime="20251201 13:15:32.776" endtime="20251201 13:15:32.778"/>
</kw>
<kw name="And Käyttäjä Näkee Tulostuksessa" library="resource">
<arg>Testi</arg>
<kw name="Tuloste Pitaisi Olla" library="RobotLibrary">
<arg>${teksti}</arg>
<status status="PASS" starttime="20251201 13:15:32.778" endtime="20251201 13:15:32.778"/>
</kw>
<status status="PASS" starttime="20251201 13:15:32.778" endtime="20251201 13:15:32.778"/>
</kw>
<kw name="And Käyttäjä Näkee Tulostuksessa" library="resource">
<arg>testi1234</arg>
<kw name="Tuloste Pitaisi Olla" library="RobotLibrary">
<arg>${teksti}</arg>
<status status="PASS" starttime="20251201 13:15:32.786" endtime="20251201 13:15:32.786"/>
</kw>
<status status="PASS" starttime="20251201 13:15:32.784" endtime="20251201 13:15:32.788"/>
</kw>
<status status="PASS" starttime="20251201 13:15:32.721" endtime="20251201 13:15:32.788"/>
</test>
<kw name="Poista Turhat Testitiedostot" library="resource" type="TEARDOWN">
<kw name="Poista Testi Tiedosto" library="RobotLibrary">
<status status="PASS" starttime="20251201 13:15:32.788" endtime="20251201 13:15:32.788"/>
</kw>
<status status="PASS" starttime="20251201 13:15:32.788" endtime="20251201 13:15:32.788"/>
</kw>
<status status="PASS" starttime="20251201 13:15:30.916" endtime="20251201 13:15:32.788"/>
</suite>
<status status="PASS" starttime="20251201 13:15:30.602" endtime="20251201 13:15:32.799"/>
</suite>
<statistics>
<total>
<stat pass="2" fail="0" skip="0">All Tests</stat>
</total>
<tag>
</tag>
<suite>
<stat pass="2" fail="0" skip="0" id="s1" name="Tests">Tests</stat>
<stat pass="2" fail="0" skip="0" id="s1-s1" name="Listaa Viitteet">Tests.Listaa Viitteet</stat>
</suite>
</statistics>
<errors>
</errors>
</robot>
