<?xml version="1.0" encoding="UTF-8"?>
<robot generator="Robot 7.3.2 (Python 3.10.11 on win32)" generated="2025-12-07T18:55:36.101476" rpa="false" schemaversion="5">
<suite id="s1" name="Miniprojekti Ryhma1" source="C:\kurssit\ohjelmistotuotanto\miniprojekti_ryhma1">
<suite id="s1-s1" name="Src" source="C:\kurssit\ohjelmistotuotanto\miniprojekti_ryhma1\src">
<suite id="s1-s1-s1" name="Tests" source="C:\kurssit\ohjelmistotuotanto\miniprojekti_ryhma1\src\tests">
<suite id="s1-s1-s1-s1" name="Hae Viite" source="C:\kurssit\ohjelmistotuotanto\miniprojekti_ryhma1\src\tests\hae_viite.robot">
<kw name="Testausympäristö Asetettu" owner="resource" type="SETUP">
<kw name="Luo Testi Io" owner="RobotLibrary">
<status status="PASS" start="2025-12-07T18:55:36.605910" elapsed="0.000000"/>
</kw>
<kw name="Aseta Testi Tiedosto" owner="RobotLibrary">
<arg>${TEST_BIB_FILE}</arg>
<status status="PASS" start="2025-12-07T18:55:36.605910" elapsed="0.004283"/>
</kw>
<status status="PASS" start="2025-12-07T18:55:36.600045" elapsed="0.010148"/>
</kw>
<test id="s1-s1-s1-s1-t1" name="As A User I Want To Search One Reference" line="8">
<kw name="Aseta Testi Tiedosto" owner="RobotLibrary">
<arg>${TEST_BIB_FILE}</arg>
<status status="PASS" start="2025-12-07T18:55:36.637044" elapsed="0.002915"/>
</kw>
<kw name="When Käyttäjä Lisää Viitteen" owner="resource">
<kw name="Aseta Syotteet" owner="RobotLibrary">
<arg>${tyyppi}</arg>
<arg>${viiteavain}</arg>
<arg>${author}</arg>
<arg>${title}</arg>
<arg>${year}</arg>
<arg>${vahvistus}</arg>
<status status="PASS" start="2025-12-07T18:55:36.651055" elapsed="0.004805"/>
</kw>
<kw name="Call Lisaa Viite" owner="RobotLibrary">
<status status="PASS" start="2025-12-07T18:55:36.658492" elapsed="1.408591"/>
</kw>
<arg>book</arg>
<arg>testi111</arg>
<arg>Kirjailija</arg>
<arg>Testi</arg>
<arg>2025</arg>
<arg>Kyllä</arg>
<status status="PASS" start="2025-12-07T18:55:36.639959" elapsed="1.427124"/>
</kw>
<kw name="When Käyttäjä Hakee Yksittäisen Viitteen" owner="resource">
<kw name="Aseta Syotteet" owner="RobotLibrary">
<arg>${viiteavain}</arg>
<arg>peru</arg>
<status status="PASS" start="2025-12-07T18:55:38.071208" elapsed="0.000000"/>
</kw>
<kw name="Call Hae Viite" owner="RobotLibrary">
<status status="PASS" start="2025-12-07T18:55:38.071208" elapsed="0.009529"/>
</kw>
<arg>testi111</arg>
<status status="PASS" start="2025-12-07T18:55:38.071208" elapsed="0.009529"/>
</kw>
<kw name="Then Käyttäjä Näkee Tulostuksessa" owner="resource">
<kw name="Tuloste Pitaisi Olla" owner="RobotLibrary">
<arg>${teksti}</arg>
<status status="PASS" start="2025-12-07T18:55:38.089590" elapsed="0.000000"/>
</kw>
<arg>testi111</arg>
<status status="PASS" start="2025-12-07T18:55:38.084561" elapsed="0.005029"/>
</kw>
<status status="PASS" start="2025-12-07T18:55:36.610193" elapsed="1.484208"/>
</test>
<kw name="Poista Turhat Testitiedostot" owner="resource" type="TEARDOWN">
<kw name="Poista Testi Tiedosto" owner="RobotLibrary">
<status status="PASS" start="2025-12-07T18:55:38.118643" elapsed="0.002628"/>
</kw>
<status status="PASS" start="2025-12-07T18:55:38.112063" elapsed="0.009208"/>
</kw>
<status status="PASS" start="2025-12-07T18:55:36.444101" elapsed="1.677170"/>
</suite>
<status status="PASS" start="2025-12-07T18:55:36.371812" elapsed="1.764299"/>
</suite>
<status status="PASS" start="2025-12-07T18:55:36.338440" elapsed="1.813681"/>
</suite>
<status status="PASS" start="2025-12-07T18:55:36.123486" elapsed="2.307952"/>
</suite>
<statistics>
<total>
<stat pass="1" fail="0" skip="0">All Tests</stat>
</total>
<tag>
</tag>
<suite>
<stat name="Miniprojekti Ryhma1" id="s1" pass="1" fail="0" skip="0">Miniprojekti Ryhma1</stat>
<stat name="Src" id="s1-s1" pass="1" fail="0" skip="0">Miniprojekti Ryhma1.Src</stat>
<stat name="Tests" id="s1-s1-s1" pass="1" fail="0" skip="0">Miniprojekti Ryhma1.Src.Tests</stat>
<stat name="Hae Viite" id="s1-s1-s1-s1" pass="1" fail="0" skip="0">Miniprojekti Ryhma1.Src.Tests.Hae Viite</stat>
</suite>
</statistics>
<errors>
</errors>
</robot>
